0 info it worked if it ends with ok
1 verbose cli [ '/usr/local/bin/node', '/usr/local/bin/npm', 'run', 'dev' ]
2 info using npm@3.5.2
3 info using node@v5.0.0
4 verbose run-script [ 'predev', 'dev', 'postdev' ]
5 info lifecycle vuepack-template@0.1.12~predev: vuepack-template@0.1.12
6 silly lifecycle vuepack-template@0.1.12~predev: no script for predev, continuing
7 info lifecycle vuepack-template@0.1.12~dev: vuepack-template@0.1.12
8 verbose lifecycle vuepack-template@0.1.12~dev: unsafe-perm in lifecycle true
9 verbose lifecycle vuepack-template@0.1.12~dev: PATH: /usr/local/lib/node_modules/npm/bin/node-gyp-bin:/Users/janeggers/Documents/cash-shop.git/app/node_modules/.bin:/usr/local/bin:/usr/bin:/bin:/usr/sbin:/sbin
10 verbose lifecycle vuepack-template@0.1.12~dev: CWD: /Users/janeggers/Documents/cash-shop.git/app
11 silly lifecycle vuepack-template@0.1.12~dev: Args: [ '-c',
11 silly lifecycle   'NODE_ENV=development HOT=1 VUEPACK_PORT=3030 node scripts/devServer.js' ]
12 silly lifecycle vuepack-template@0.1.12~dev: Returned: code: 1  signal: null
13 info lifecycle vuepack-template@0.1.12~dev: Failed to exec dev script
14 verbose stack Error: vuepack-template@0.1.12 dev: `NODE_ENV=development HOT=1 VUEPACK_PORT=3030 node scripts/devServer.js`
14 verbose stack Exit status 1
14 verbose stack     at EventEmitter.<anonymous> (/usr/local/lib/node_modules/npm/lib/utils/lifecycle.js:232:16)
14 verbose stack     at emitTwo (events.js:87:13)
14 verbose stack     at EventEmitter.emit (events.js:172:7)
14 verbose stack     at ChildProcess.<anonymous> (/usr/local/lib/node_modules/npm/lib/utils/spawn.js:24:14)
14 verbose stack     at emitTwo (events.js:87:13)
14 verbose stack     at ChildProcess.emit (events.js:172:7)
14 verbose stack     at maybeClose (internal/child_process.js:818:16)
14 verbose stack     at Process.ChildProcess._handle.onexit (internal/child_process.js:211:5)
15 verbose pkgid vuepack-template@0.1.12
16 verbose cwd /Users/janeggers/Documents/cash-shop.git/app
17 error Darwin 15.3.0
18 error argv "/usr/local/bin/node" "/usr/local/bin/npm" "run" "dev"
19 error node v5.0.0
20 error npm  v3.5.2
21 error code ELIFECYCLE
22 error vuepack-template@0.1.12 dev: `NODE_ENV=development HOT=1 VUEPACK_PORT=3030 node scripts/devServer.js`
22 error Exit status 1
23 error Failed at the vuepack-template@0.1.12 dev script 'NODE_ENV=development HOT=1 VUEPACK_PORT=3030 node scripts/devServer.js'.
23 error Make sure you have the latest version of node.js and npm installed.
23 error If you do, this is most likely a problem with the vuepack-template package,
23 error not with npm itself.
23 error Tell the author that this fails on your system:
23 error     NODE_ENV=development HOT=1 VUEPACK_PORT=3030 node scripts/devServer.js
23 error You can get information on how to open an issue for this project with:
23 error     npm bugs vuepack-template
23 error Or if that isn't available, you can get their info via:
23 error     npm owner ls vuepack-template
23 error There is likely additional logging output above.
24 verbose exit [ 1, true ]
